<?xml version="1.0" encoding="UTF-8"?>
<!-- Generated by org.testng.reporters.JUnitXMLReporter -->
<testsuite ignored="0" hostname="DESKTOP-3O5LJFC" failures="0" tests="2" name="BankingApp Test" time="19.388" errors="0" timestamp="2021-09-29T17:20:18 PDT">
  <testcase classname="com.inetbanking.testCases.TC_LoginTest_001" name="loginTest" time="0.598"/>
  <testcase classname="com.inetbanking.testCases.TC_AddCustomerTest_003" name="addNewCustomer" time="12.977"/>
</testsuite> <!-- BankingApp Test -->
