<?xml version="1.0" encoding="UTF-8"?>
<testng-results ignored="0" total="2" passed="2" failed="0" skipped="0">
  <reporter-output>
  </reporter-output>
  <suite started-at="2021-09-29T17:19:59 PDT" name="InetBankingV1" finished-at="2021-09-29T17:20:18 PDT" duration-ms="19388">
    <groups>
    </groups>
    <test started-at="2021-09-29T17:19:59 PDT" name="BankingApp Test" finished-at="2021-09-29T17:20:18 PDT" duration-ms="19388">
      <class name="com.inetbanking.testCases.TC_LoginTest_001">
        <test-method is-config="true" signature="setup(java.lang.String)[pri:0, instance:com.inetbanking.testCases.TC_LoginTest_001@5af97850]" started-at="2021-09-29T17:19:59 PDT" name="setup" finished-at="2021-09-29T17:20:01 PDT" duration-ms="2436" status="PASS">
          <params>
            <param index="0">
              <value>
                <![CDATA[chrome]]>
              </value>
            </param>
          </params>
          <reporter-output>
          </reporter-output>
        </test-method> <!-- setup -->
        <test-method signature="loginTest()[pri:0, instance:com.inetbanking.testCases.TC_LoginTest_001@5af97850]" started-at="2021-09-29T17:20:01 PDT" name="loginTest" finished-at="2021-09-29T17:20:02 PDT" duration-ms="598" status="PASS">
          <reporter-output>
          </reporter-output>
        </test-method> <!-- loginTest -->
        <test-method is-config="true" signature="tearDown()[pri:0, instance:com.inetbanking.testCases.TC_LoginTest_001@5af97850]" started-at="2021-09-29T17:20:02 PDT" name="tearDown" finished-at="2021-09-29T17:20:03 PDT" duration-ms="619" status="PASS">
          <reporter-output>
          </reporter-output>
        </test-method> <!-- tearDown -->
      </class> <!-- com.inetbanking.testCases.TC_LoginTest_001 -->
      <class name="com.inetbanking.testCases.TC_AddCustomerTest_003">
        <test-method is-config="true" signature="setup(java.lang.String)[pri:0, instance:com.inetbanking.testCases.TC_AddCustomerTest_003@2d9d4f9d]" started-at="2021-09-29T17:20:03 PDT" name="setup" finished-at="2021-09-29T17:20:04 PDT" duration-ms="1879" status="PASS">
          <params>
            <param index="0">
              <value>
                <![CDATA[chrome]]>
              </value>
            </param>
          </params>
          <reporter-output>
          </reporter-output>
        </test-method> <!-- setup -->
        <test-method signature="addNewCustomer()[pri:0, instance:com.inetbanking.testCases.TC_AddCustomerTest_003@2d9d4f9d]" started-at="2021-09-29T17:20:04 PDT" name="addNewCustomer" finished-at="2021-09-29T17:20:17 PDT" duration-ms="12977" status="PASS">
          <reporter-output>
          </reporter-output>
        </test-method> <!-- addNewCustomer -->
        <test-method is-config="true" signature="tearDown()[pri:0, instance:com.inetbanking.testCases.TC_AddCustomerTest_003@2d9d4f9d]" started-at="2021-09-29T17:20:17 PDT" name="tearDown" finished-at="2021-09-29T17:20:18 PDT" duration-ms="665" status="PASS">
          <reporter-output>
          </reporter-output>
        </test-method> <!-- tearDown -->
      </class> <!-- com.inetbanking.testCases.TC_AddCustomerTest_003 -->
    </test> <!-- BankingApp Test -->
  </suite> <!-- InetBankingV1 -->
</testng-results>
